0 info it worked if it ends with ok
1 verbose cli [ '/usr/local/bin/node', '/usr/local/bin/npm', 'start' ]
2 info using npm@4.1.2
3 info using node@v6.9.1
4 verbose run-script [ 'prestart', 'start', 'poststart' ]
5 info lifecycle ember-inside-div@0.0.1~prestart: ember-inside-div@0.0.1
6 silly lifecycle ember-inside-div@0.0.1~prestart: no script for prestart, continuing
7 info lifecycle ember-inside-div@0.0.1~start: ember-inside-div@0.0.1
8 verbose lifecycle ember-inside-div@0.0.1~start: unsafe-perm in lifecycle true
9 verbose lifecycle ember-inside-div@0.0.1~start: PATH: /usr/local/lib/node_modules/npm/bin/node-gyp-bin:/Users/gene/Documents/code/pocs/ember-inside-div/node_modules/.bin:/usr/local/bin:/usr/bin:/bin:/usr/sbin:/sbin:/usr/local/go/bin
10 verbose lifecycle ember-inside-div@0.0.1~start: CWD: /Users/gene/Documents/code/pocs/ember-inside-div
11 silly lifecycle ember-inside-div@0.0.1~start: Args: [ '-c', 'node .' ]
12 silly lifecycle ember-inside-div@0.0.1~start: Returned: code: 1  signal: null
13 info lifecycle ember-inside-div@0.0.1~start: Failed to exec start script
14 verbose stack Error: ember-inside-div@0.0.1 start: `node .`
14 verbose stack Exit status 1
14 verbose stack     at EventEmitter.<anonymous> (/usr/local/lib/node_modules/npm/lib/utils/lifecycle.js:279:16)
14 verbose stack     at emitTwo (events.js:106:13)
14 verbose stack     at EventEmitter.emit (events.js:191:7)
14 verbose stack     at ChildProcess.<anonymous> (/usr/local/lib/node_modules/npm/lib/utils/spawn.js:40:14)
14 verbose stack     at emitTwo (events.js:106:13)
14 verbose stack     at ChildProcess.emit (events.js:191:7)
14 verbose stack     at maybeClose (internal/child_process.js:877:16)
14 verbose stack     at Process.ChildProcess._handle.onexit (internal/child_process.js:226:5)
15 verbose pkgid ember-inside-div@0.0.1
16 verbose cwd /Users/gene/Documents/code/pocs/ember-inside-div
17 error Darwin 16.3.0
18 error argv "/usr/local/bin/node" "/usr/local/bin/npm" "start"
19 error node v6.9.1
20 error npm  v4.1.2
21 error code ELIFECYCLE
22 error ember-inside-div@0.0.1 start: `node .`
22 error Exit status 1
23 error Failed at the ember-inside-div@0.0.1 start script 'node .'.
23 error Make sure you have the latest version of node.js and npm installed.
23 error If you do, this is most likely a problem with the ember-inside-div package,
23 error not with npm itself.
23 error Tell the author that this fails on your system:
23 error     node .
23 error You can get information on how to open an issue for this project with:
23 error     npm bugs ember-inside-div
23 error Or if that isn't available, you can get their info via:
23 error     npm owner ls ember-inside-div
23 error There is likely additional logging output above.
24 verbose exit [ 1, true ]
